#
# A fatal error has been detected by the Java Runtime Environment:
#
#  EXCEPTION_ACCESS_VIOLATION (0xc0000005) at pc=0x0000000053936e0f, pid=4368, tid=9060
#
# JRE version: Java(TM) SE Runtime Environment (7.0_80-b15) (build 1.7.0_80-b15)
# Java VM: Java HotSpot(TM) 64-Bit Server VM (24.80-b11 mixed mode windows-amd64 compressed oops)
# Problematic frame:
# V  [jvm.dll+0x436e0f]
#
# Failed to write core dump. Minidumps are not enabled by default on client versions of Windows
#
# If you would like to submit a bug report, please visit:
#   http://bugreport.java.com/bugreport/crash.jsp
#

---------------  T H R E A D  ---------------

Current thread (0x0000000007f4c800):  JavaThread "C2 CompilerThread0" daemon [_thread_in_native, id=9060, stack(0x00000000094e0000,0x00000000095e0000)]

siginfo: ExceptionCode=0xc0000005, reading address 0xffffffffffffffff

Registers:
RAX=0x000000000ab6d010, RBX=0x000000000000000d, RCX=0x020000000a786e58, RDX=0x000000000000000c
RSP=0x00000000095dc000, RBP=0x00000000095dc100, RSI=0x00000000095dc5e0, RDI=0x0000000000000000
R8 =0x0000000000000000, R9 =0x00000000000000e0, R10=0x000000000000000f, R11=0x00000000095dbfd0
R12=0x0000000000000002, R13=0x000000000a8098e0, R14=0x0000000000000010, R15=0x0000000000000006
RIP=0x0000000053936e0f, EFLAGS=0x0000000000010293

Top of Stack: (sp=0x00000000095dc000)
0x00000000095dc000:   00000000000442b0 000000000b29db60
0x00000000095dc010:   00000000095dc100 000000000b2e1d68
0x00000000095dc020:   0000000c00000000 0000000000000011
0x00000000095dc030:   000000000a405fe0 000000000000004b
0x00000000095dc040:   0000065b00000010 000000000000000a
0x00000000095dc050:   0000000005155455 0000000000000000
0x00000000095dc060:   0000000000000000 0000000000000000
0x00000000095dc070:   0000000000000000 0000000500000000
0x00000000095dc080:   0303030300000008 000000000af30fe0
0x00000000095dc090:   0000000000000010 00000000095dc160
0x00000000095dc0a0:   0000000000000010 00000000095dc150
0x00000000095dc0b0:   000000000000000d 000000000000009d
0x00000000095dc0c0:   ffffffff3f3fffff ffffffffffffffff
0x00000000095dc0d0:   00000003ffffffff 0000000000000000
0x00000000095dc0e0:   0000000000000000 000000000000065b
0x00000000095dc0f0:   0000000000000000 000000000a8098e0 

Instructions: (pc=0x0000000053936e0f)
0x0000000053936def:   49 c1 e6 03 66 66 66 66 66 0f 1f 84 00 00 00 00
0x0000000053936dff:   00 48 8b 40 08 49 8b 0c 06 48 8b 86 d0 00 00 00
0x0000000053936e0f:   8b 51 28 8b 3c 90 85 ff 0f 84 6e 01 00 00 48 8b
0x0000000053936e1f:   85 60 01 00 00 8b df 8b f7 48 8b 40 78 48 6b db 


Register to memory mapping:

RAX=0x000000000ab6d010 is an unknown value
RBX=0x000000000000000d is an unknown value
RCX=0x020000000a786e58 is an unknown value
RDX=0x000000000000000c is an unknown value
RSP=0x00000000095dc000 is pointing into the stack for thread: 0x0000000007f4c800
RBP=0x00000000095dc100 is pointing into the stack for thread: 0x0000000007f4c800
RSI=0x00000000095dc5e0 is pointing into the stack for thread: 0x0000000007f4c800
RDI=0x0000000000000000 is an unknown value
R8 =0x0000000000000000 is an unknown value
R9 =0x00000000000000e0 is an unknown value
R10=0x000000000000000f is an unknown value
R11=0x00000000095dbfd0 is pointing into the stack for thread: 0x0000000007f4c800
R12=0x0000000000000002 is an unknown value
R13=0x000000000a8098e0 is an unknown value
R14=0x0000000000000010 is an unknown value
R15=0x0000000000000006 is an unknown value


Stack: [0x00000000094e0000,0x00000000095e0000],  sp=0x00000000095dc000,  free space=1008k
Native frames: (J=compiled Java code, j=interpreted, Vv=VM code, C=native code)
V  [jvm.dll+0x436e0f]


Current CompileTask:
C2:   4622  554   !         com.android.dx.cf.code.BytecodeArray::parseInstruction (2764 bytes)


---------------  P R O C E S S  ---------------

Java Threads: ( => current thread )
  0x0000000009a8c800 JavaThread "pool-1-thread-4" [_thread_blocked, id=11140, stack(0x000000000a0e0000,0x000000000a1e0000)]
  0x0000000009a8c000 JavaThread "pool-1-thread-3" [_thread_blocked, id=10108, stack(0x0000000009fe0000,0x000000000a0e0000)]
  0x0000000009a06000 JavaThread "pool-1-thread-2" [_thread_blocked, id=10276, stack(0x0000000009ee0000,0x0000000009fe0000)]
  0x0000000009a91800 JavaThread "pool-2-thread-1" [_thread_blocked, id=4676, stack(0x0000000009de0000,0x0000000009ee0000)]
  0x0000000009975800 JavaThread "pool-1-thread-1" [_thread_blocked, id=10720, stack(0x0000000009ce0000,0x0000000009de0000)]
  0x0000000007f5e000 JavaThread "Service Thread" daemon [_thread_blocked, id=9412, stack(0x00000000096e0000,0x00000000097e0000)]
  0x0000000007f4e800 JavaThread "C2 CompilerThread1" daemon [_thread_blocked, id=8360, stack(0x00000000095e0000,0x00000000096e0000)]
=>0x0000000007f4c800 JavaThread "C2 CompilerThread0" daemon [_thread_in_native, id=9060, stack(0x00000000094e0000,0x00000000095e0000)]
  0x0000000007f4b800 JavaThread "Attach Listener" daemon [_thread_blocked, id=10364, stack(0x00000000093e0000,0x00000000094e0000)]
  0x0000000007f48800 JavaThread "Signal Dispatcher" daemon [_thread_blocked, id=9920, stack(0x00000000092e0000,0x00000000093e0000)]
  0x0000000007f10000 JavaThread "Finalizer" daemon [_thread_blocked, id=10192, stack(0x00000000091e0000,0x00000000092e0000)]
  0x0000000007f06800 JavaThread "Reference Handler" daemon [_thread_blocked, id=2156, stack(0x00000000090e0000,0x00000000091e0000)]
  0x0000000001e9e000 JavaThread "main" [_thread_blocked, id=10744, stack(0x0000000001f70000,0x0000000002070000)]

Other Threads:
  0x0000000007f01800 VMThread [stack: 0x0000000008fe0000,0x00000000090e0000] [id=10284]
  0x0000000007f50800 WatcherThread [stack: 0x00000000097e0000,0x00000000098e0000] [id=11248]

VM state:not at safepoint (normal execution)

VM Mutex/Monitor currently owned by a thread: None

Heap
 PSYoungGen      total 72704K, used 30293K [0x00000000eaa80000, 0x00000000f3880000, 0x0000000100000000)
  eden space 67584K, 37% used [0x00000000eaa80000,0x00000000ec317de0,0x00000000eec80000)
  from space 5120K, 99% used [0x00000000eec80000,0x00000000ef17d788,0x00000000ef180000)
  to   space 5120K, 0% used [0x00000000f3380000,0x00000000f3380000,0x00000000f3880000)
 ParOldGen       total 87040K, used 16124K [0x00000000c0000000, 0x00000000c5500000, 0x00000000eaa80000)
  object space 87040K, 18% used [0x00000000c0000000,0x00000000c0fbf310,0x00000000c5500000)
 PSPermGen       total 21504K, used 6025K [0x00000000bae00000, 0x00000000bc300000, 0x00000000c0000000)
  object space 21504K, 28% used [0x00000000bae00000,0x00000000bb3e27d8,0x00000000bc300000)

Card table byte_map: [0x0000000005170000,0x00000000053a0000] byte_map_base: 0x0000000004b99000

Polling page: 0x0000000001dd0000

Code Cache  [0x0000000002170000, 0x00000000023e0000, 0x0000000005170000)
 total_blobs=816 nmethods=579 adapters=189 free_code_cache=46749Kb largest_free_block=47837760

Compilation events (10 events):
Event: 4.557 Thread 0x0000000007f4e800 nmethod 565 0x000000000238e350 code [0x000000000238e560, 0x000000000238ed70]
Event: 4.557 Thread 0x0000000007f4e800  566             com.android.dx.ssa.SsaRenamer::<init> (100 bytes)
Event: 4.562 Thread 0x0000000007f4e800 nmethod 566 0x00000000023aa010 code [0x00000000023aa180, 0x00000000023aa568]
Event: 4.565 Thread 0x0000000007f4e800  567             com.android.dx.rop.cst.CstMemberRef::getDefiningClass (5 bytes)
Event: 4.566 Thread 0x0000000007f4e800 nmethod 567 0x000000000238e150 code [0x000000000238e280, 0x000000000238e2d8]
Event: 4.567 Thread 0x0000000007f4e800  568             com.android.dx.rop.cst.CstLiteral32::getIntBits (5 bytes)
Event: 4.567 Thread 0x0000000007f4e800 nmethod 568 0x00000000023a3290 code [0x00000000023a33c0, 0x00000000023a3418]
Event: 4.569 Thread 0x0000000007f4e800  569             com.android.dx.rop.type.Prototype::getDescriptor (5 bytes)
Event: 4.569 Thread 0x0000000007f4e800 nmethod 569 0x00000000023a3090 code [0x00000000023a31c0, 0x00000000023a3218]
Event: 4.570 Thread 0x0000000007f4e800  570   !         com.android.dx.rop.type.Prototype::putIntern (50 bytes)

GC Heap History (6 events):
Event: 1.485 GC heap before
{Heap before GC invocations=1 (full 0):
 PSYoungGen      total 38912K, used 33792K [0x00000000eaa80000, 0x00000000ed580000, 0x0000000100000000)
  eden space 33792K, 100% used [0x00000000eaa80000,0x00000000ecb80000,0x00000000ecb80000)
  from space 5120K, 0% used [0x00000000ed080000,0x00000000ed080000,0x00000000ed580000)
  to   space 5120K, 0% used [0x00000000ecb80000,0x00000000ecb80000,0x00000000ed080000)
 ParOldGen       total 87040K, used 0K [0x00000000c0000000, 0x00000000c5500000, 0x00000000eaa80000)
  object space 87040K, 0% used [0x00000000c0000000,0x00000000c0000000,0x00000000c5500000)
 PSPermGen       total 21504K, used 5863K [0x00000000bae00000, 0x00000000bc300000, 0x00000000c0000000)
  object space 21504K, 27% used [0x00000000bae00000,0x00000000bb3b9e00,0x00000000bc300000)
Event: 1.524 GC heap after
Heap after GC invocations=1 (full 0):
 PSYoungGen      total 38912K, used 5110K [0x00000000eaa80000, 0x00000000ef680000, 0x0000000100000000)
  eden space 33792K, 0% used [0x00000000eaa80000,0x00000000eaa80000,0x00000000ecb80000)
  from space 5120K, 99% used [0x00000000ecb80000,0x00000000ed07db70,0x00000000ed080000)
  to   space 5120K, 0% used [0x00000000ef180000,0x00000000ef180000,0x00000000ef680000)
 ParOldGen       total 87040K, used 1374K [0x00000000c0000000, 0x00000000c5500000, 0x00000000eaa80000)
  object space 87040K, 1% used [0x00000000c0000000,0x00000000c01579e8,0x00000000c5500000)
 PSPermGen       total 21504K, used 5863K [0x00000000bae00000, 0x00000000bc300000, 0x00000000c0000000)
  object space 21504K, 27% used [0x00000000bae00000,0x00000000bb3b9e00,0x00000000bc300000)
}
Event: 2.561 GC heap before
{Heap before GC invocations=2 (full 0):
 PSYoungGen      total 38912K, used 38902K [0x00000000eaa80000, 0x00000000ef680000, 0x0000000100000000)
  eden space 33792K, 100% used [0x00000000eaa80000,0x00000000ecb80000,0x00000000ecb80000)
  from space 5120K, 99% used [0x00000000ecb80000,0x00000000ed07db70,0x00000000ed080000)
  to   space 5120K, 0% used [0x00000000ef180000,0x00000000ef180000,0x00000000ef680000)
 ParOldGen       total 87040K, used 1374K [0x00000000c0000000, 0x00000000c5500000, 0x00000000eaa80000)
  object space 87040K, 1% used [0x00000000c0000000,0x00000000c01579e8,0x00000000c5500000)
 PSPermGen       total 21504K, used 5956K [0x00000000bae00000, 0x00000000bc300000, 0x00000000c0000000)
  object space 21504K, 27% used [0x00000000bae00000,0x00000000bb3d1108,0x00000000bc300000)
Event: 2.622 GC heap after
Heap after GC invocations=2 (full 0):
 PSYoungGen      total 72704K, used 5118K [0x00000000eaa80000, 0x00000000ef680000, 0x0000000100000000)
  eden space 67584K, 0% used [0x00000000eaa80000,0x00000000eaa80000,0x00000000eec80000)
  from space 5120K, 99% used [0x00000000ef180000,0x00000000ef67faf8,0x00000000ef680000)
  to   space 5120K, 0% used [0x00000000eec80000,0x00000000eec80000,0x00000000ef180000)
 ParOldGen       total 87040K, used 5315K [0x00000000c0000000, 0x00000000c5500000, 0x00000000eaa80000)
  object space 87040K, 6% used [0x00000000c0000000,0x00000000c0530f90,0x00000000c5500000)
 PSPermGen       total 21504K, used 5956K [0x00000000bae00000, 0x00000000bc300000, 0x00000000c0000000)
  object space 21504K, 27% used [0x00000000bae00000,0x00000000bb3d1108,0x00000000bc300000)
}
Event: 4.002 GC heap before
{Heap before GC invocations=3 (full 0):
 PSYoungGen      total 72704K, used 72702K [0x00000000eaa80000, 0x00000000ef680000, 0x0000000100000000)
  eden space 67584K, 100% used [0x00000000eaa80000,0x00000000eec80000,0x00000000eec80000)
  from space 5120K, 99% used [0x00000000ef180000,0x00000000ef67faf8,0x00000000ef680000)
  to   space 5120K, 0% used [0x00000000eec80000,0x00000000eec80000,0x00000000ef180000)
 ParOldGen       total 87040K, used 5315K [0x00000000c0000000, 0x00000000c5500000, 0x00000000eaa80000)
  object space 87040K, 6% used [0x00000000c0000000,0x00000000c0530f90,0x00000000c5500000)
 PSPermGen       total 21504K, used 6018K [0x00000000bae00000, 0x00000000bc300000, 0x00000000c0000000)
  object space 21504K, 27% used [0x00000000bae00000,0x00000000bb3e0908,0x00000000bc300000)
Event: 4.328 GC heap after
Heap after GC invocations=3 (full 0):
 PSYoungGen      total 72704K, used 5109K [0x00000000eaa80000, 0x00000000f3880000, 0x0000000100000000)
  eden space 67584K, 0% used [0x00000000eaa80000,0x00000000eaa80000,0x00000000eec80000)
  from space 5120K, 99% used [0x00000000eec80000,0x00000000ef17d788,0x00000000ef180000)
  to   space 5120K, 0% used [0x00000000f3380000,0x00000000f3380000,0x00000000f3880000)
 ParOldGen       total 87040K, used 16124K [0x00000000c0000000, 0x00000000c5500000, 0x00000000eaa80000)
  object space 87040K, 18% used [0x00000000c0000000,0x00000000c0fbf310,0x00000000c5500000)
 PSPermGen       total 21504K, used 6018K [0x00000000bae00000, 0x00000000bc300000, 0x00000000c0000000)
  object space 21504K, 27% used [0x00000000bae00000,0x00000000bb3e0908,0x00000000bc300000)
}

Deoptimization events (10 events):
Event: 3.452 Thread 0x0000000009975800 Uncommon trap: reason=null_check action=make_not_entrant pc=0x0000000002389bbc method=com.android.dx.dex.file.MethodIdsSection.intern(Lcom/android/dx/rop/cst/CstBaseMethodRef;)Lcom/android/dx/dex/file/MethodIdItem; @ 26
Event: 4.356 Thread 0x0000000009975800 Uncommon trap: reason=bimorphic action=maybe_recompile pc=0x0000000002378178 method=com.android.dx.cf.code.BytecodeArray.parseInstruction(ILcom/android/dx/cf/code/BytecodeArray$Visitor;)I @ 1130
Event: 4.356 Thread 0x0000000009975800 Uncommon trap: reason=bimorphic action=maybe_recompile pc=0x0000000002375f48 method=com.android.dx.cf.code.BytecodeArray.parseInstruction(ILcom/android/dx/cf/code/BytecodeArray$Visitor;)I @ 971
Event: 4.356 Thread 0x0000000009975800 Uncommon trap: reason=bimorphic action=maybe_recompile pc=0x0000000002375fc4 method=com.android.dx.cf.code.BytecodeArray.parseInstruction(ILcom/android/dx/cf/code/BytecodeArray$Visitor;)I @ 987
Event: 4.356 Thread 0x0000000009975800 Uncommon trap: reason=bimorphic action=maybe_recompile pc=0x0000000002375ecc method=com.android.dx.cf.code.BytecodeArray.parseInstruction(ILcom/android/dx/cf/code/BytecodeArray$Visitor;)I @ 955
Event: 4.356 Thread 0x0000000009975800 Uncommon trap: reason=bimorphic action=maybe_recompile pc=0x0000000002375ecc method=com.android.dx.cf.code.BytecodeArray.parseInstruction(ILcom/android/dx/cf/code/BytecodeArray$Visitor;)I @ 955
Event: 4.460 Thread 0x0000000009a06000 Uncommon trap: reason=unstable_if action=reinterpret pc=0x000000000231aa14 method=java.util.HashMap.put(Ljava/lang/Object;Ljava/lang/Object;)Ljava/lang/Object; @ 86
Event: 4.460 Thread 0x0000000009a06000 Uncommon trap: reason=unstable_if action=reinterpret pc=0x000000000233145c method=java.util.HashMap.put(Ljava/lang/Object;Ljava/lang/Object;)Ljava/lang/Object; @ 86
Event: 4.465 Thread 0x0000000009a06000 Uncommon trap: reason=unstable_if action=reinterpret pc=0x00000000023a2bf4 method=com.android.dx.ssa.back.FirstFitLocalCombiningAllocator.findNextUnreservedRopReg(IILcom/android/dx/ssa/back/FirstFitLocalCombiningAllocator$Alignment;)I @ 32
Event: 4.583 Thread 0x0000000009975800 Uncommon trap: reason=unstable_if action=reinterpret pc=0x000000000238eb48 method=com.android.dx.cf.code.Merger.mergeType(Lcom/android/dx/rop/type/TypeBearer;Lcom/android/dx/rop/type/TypeBearer;)Lcom/android/dx/rop/type/TypeBearer; @ 52

Internal exceptions (10 events):
Event: 1.139 Thread 0x0000000009a06000 Threw 0x00000000ebcdc098 at C:\re\jdk7u80\2329\hotspot\src\share\vm\prims\jvm.cpp:1319
Event: 1.158 Thread 0x0000000009a06000 Implicit null exception at 0x00000000021f4f21 to 0x00000000021f50d1
Event: 1.225 Thread 0x0000000009a8c000 Threw 0x00000000ec0925f8 at C:\re\jdk7u80\2329\hotspot\src\share\vm\prims\jvm.cpp:1319
Event: 1.262 Thread 0x0000000009a06000 Threw 0x00000000ec141268 at C:\re\jdk7u80\2329\hotspot\src\share\vm\prims\jvm.cpp:1319
Event: 2.312 Thread 0x0000000001e9e000 Implicit null exception at 0x000000000223f5f3 to 0x000000000223fc91
Event: 2.323 Thread 0x0000000009a06000 Implicit null exception at 0x00000000022b0952 to 0x00000000022b1de1
Event: 2.356 Thread 0x0000000001e9e000 Threw 0x00000000ebed3560 at C:\re\jdk7u80\2329\hotspot\src\share\vm\prims\jvm.cpp:1319
Event: 3.018 Thread 0x0000000009a8c000 Implicit null exception at 0x0000000002342790 to 0x00000000023433c5
Event: 3.068 Thread 0x0000000009975800 Threw 0x00000000ec023668 at C:\re\jdk7u80\2329\hotspot\src\share\vm\prims\jvm.cpp:1319
Event: 3.182 Thread 0x0000000001e9e000 Threw 0x00000000ec647c88 at C:\re\jdk7u80\2329\hotspot\src\share\vm\prims\jvm.cpp:1319

Events (10 events):
Event: 4.460 Thread 0x0000000009a06000 DEOPT UNPACKING pc=0x00000000021a75a4 sp=0x0000000009fdebe8 mode 2
Event: 4.460 Thread 0x0000000009a06000 Uncommon trap: trap_request=0xffffff75 fr.pc=0x000000000233145c
Event: 4.460 Thread 0x0000000009a06000 DEOPT PACKING pc=0x000000000233145c sp=0x0000000009fdec30
Event: 4.460 Thread 0x0000000009a06000 DEOPT UNPACKING pc=0x00000000021a75a4 sp=0x0000000009fdebe0 mode 2
Event: 4.465 Thread 0x0000000009a06000 Uncommon trap: trap_request=0xffffff75 fr.pc=0x00000000023a2bf4
Event: 4.465 Thread 0x0000000009a06000 DEOPT PACKING pc=0x00000000023a2bf4 sp=0x0000000009fdea80
Event: 4.533 Thread 0x0000000009a06000 DEOPT UNPACKING pc=0x00000000021a75a4 sp=0x0000000009fdea38 mode 2
Event: 4.583 Thread 0x0000000009975800 Uncommon trap: trap_request=0xffffff75 fr.pc=0x000000000238eb48
Event: 4.583 Thread 0x0000000009975800 DEOPT PACKING pc=0x000000000238eb48 sp=0x0000000009dde8e0
Event: 4.583 Thread 0x0000000009975800 DEOPT UNPACKING pc=0x00000000021a75a4 sp=0x0000000009dde810 mode 2


Dynamic libraries:
0x00007ff716970000 - 0x00007ff7169a3000 	C:\Program Files\Java\jdk1.7.0_80\bin\java.exe
0x00007fff69cb0000 - 0x00007fff69e5d000 	C:\Windows\SYSTEM32\ntdll.dll
0x00007fff69210000 - 0x00007fff6934e000 	C:\Windows\system32\KERNEL32.DLL
0x00007fff66f90000 - 0x00007fff670a5000 	C:\Windows\system32\KERNELBASE.dll
0x00007fff64ef0000 - 0x00007fff64f7e000 	C:\Windows\system32\apphelp.dll
0x00007fff5b350000 - 0x00007fff5b3a3000 	C:\Windows\AppPatch\AppPatch64\AcGenral.DLL
0x00007fff699b0000 - 0x00007fff69a5a000 	C:\Windows\system32\msvcrt.dll
0x00007fff66eb0000 - 0x00007fff66ede000 	C:\Windows\system32\SspiCli.dll
0x00007fff69b20000 - 0x00007fff69b74000 	C:\Windows\system32\SHLWAPI.dll
0x00007fff68ce0000 - 0x00007fff68e57000 	C:\Windows\system32\USER32.dll
0x00007fff69070000 - 0x00007fff69204000 	C:\Windows\system32\ole32.dll
0x00007fff67340000 - 0x00007fff68869000 	C:\Windows\system32\SHELL32.dll
0x00007fff66380000 - 0x00007fff663a1000 	C:\Windows\SYSTEM32\USERENV.dll
0x00007fff69be0000 - 0x00007fff69c8a000 	C:\Windows\system32\ADVAPI32.dll
0x00007fff59af0000 - 0x00007fff59b0e000 	C:\Windows\SYSTEM32\MPR.dll
0x00007fff68f30000 - 0x00007fff69070000 	C:\Windows\system32\RPCRT4.dll
0x00007fff693b0000 - 0x00007fff69409000 	C:\Windows\SYSTEM32\sechost.dll
0x00007fff68ac0000 - 0x00007fff68cd1000 	C:\Windows\SYSTEM32\combase.dll
0x00007fff69490000 - 0x00007fff695df000 	C:\Windows\system32\GDI32.dll
0x00007fff66de0000 - 0x00007fff66df5000 	C:\Windows\SYSTEM32\profapi.dll
0x00007fff65d00000 - 0x00007fff65db2000 	C:\Windows\SYSTEM32\SHCORE.dll
0x00007fff68a70000 - 0x00007fff68aa6000 	C:\Windows\system32\IMM32.DLL
0x00007fff69850000 - 0x00007fff699a2000 	C:\Windows\system32\MSCTF.dll
0x00007fff65f40000 - 0x00007fff661bb000 	C:\Windows\WinSxS\amd64_microsoft.windows.common-controls_6595b64144ccf1df_6.0.9600.18006_none_623f33d3ecbe86e8\COMCTL32.dll
0x0000000053420000 - 0x00000000534f2000 	C:\Program Files\Java\jdk1.7.0_80\jre\bin\msvcr100.dll
0x0000000053500000 - 0x0000000053cd9000 	C:\Program Files\Java\jdk1.7.0_80\jre\bin\server\jvm.dll
0x00007fff5fa60000 - 0x00007fff5fa69000 	C:\Windows\SYSTEM32\WSOCK32.dll
0x00007fff5faf0000 - 0x00007fff5fb12000 	C:\Windows\SYSTEM32\WINMM.dll
0x00007fff69410000 - 0x00007fff69417000 	C:\Windows\system32\PSAPI.DLL
0x00007fff69b80000 - 0x00007fff69bda000 	C:\Windows\system32\WS2_32.dll
0x00007fff5fa30000 - 0x00007fff5fa5a000 	C:\Windows\SYSTEM32\WINMMBASE.dll
0x00007fff69ca0000 - 0x00007fff69ca9000 	C:\Windows\system32\NSI.dll
0x00007fff670b0000 - 0x00007fff670ff000 	C:\Windows\SYSTEM32\cfgmgr32.dll
0x00007fff65150000 - 0x00007fff65178000 	C:\Windows\SYSTEM32\DEVOBJ.dll
0x00000000559d0000 - 0x00000000559df000 	C:\Program Files\Java\jdk1.7.0_80\jre\bin\verify.dll
0x00000000559a0000 - 0x00000000559c8000 	C:\Program Files\Java\jdk1.7.0_80\jre\bin\java.dll
0x0000000055980000 - 0x0000000055996000 	C:\Program Files\Java\jdk1.7.0_80\jre\bin\zip.dll
0x0000000055960000 - 0x000000005597a000 	C:\Program Files\Java\jdk1.7.0_80\jre\bin\net.dll
0x00007fff665f0000 - 0x00007fff66649000 	C:\Windows\system32\mswsock.dll
0x0000000055940000 - 0x0000000055951000 	C:\Program Files\Java\jdk1.7.0_80\jre\bin\nio.dll
0x00007fff40a80000 - 0x00007fff40c09000 	C:\Windows\SYSTEM32\dbghelp.dll

VM Arguments:
jvm_args: -Xmx1024M -Dfile.encoding=windows-1256 -Duser.country=US -Duser.language=en -Duser.variant 
java_command: com.android.dx.command.Main --dex --num-threads=4 --output D:\Android Studio\worksapce\login_material\app\build\intermediates\pre-dexed\debug\classes-fc6e38cb3ef66372bcd7ad6c793e73e52c2acaf7.jar D:\Android Studio\worksapce\login_material\app\build\intermediates\exploded-aar\com.android.support\appcompat-v7\23.1.1\jars\classes.jar
Launcher Type: SUN_STANDARD

Environment Variables:
JAVA_HOME=C:\Program Files\Java\jdk1.7.0_80
PATH=C:\ProgramData\Oracle\Java\javapath;C:\Ruby22-x64\bin;C:\Program Files (x86)\Common Files\NetSarang;C:\Windows\system32;C:\Windows;C:\Windows\System32\Wbem;C:\Windows\System32\WindowsPowerShell\v1.0\;C:\Program Files (x86)\IBM\Personal Communications\;C:\Program Files (x86)\IBM\Trace Facility\;C:\Program Files (x86)\ATI Technologies\ATI.ACE\Core-Static;C:\Program Files\Java\jdk1.7.0_80/bin;C:\Program Files\Microsoft SQL Server\110\Tools\Binn\;C:\Program Files\Microsoft SQL Server\120\Tools\Binn\;d:\new folder;C:\Program Files\Git\cmd;C:\Program Files (x86)\QuickTime\QTSystem\;C:\Windows\system32\config\systemprofile\.dnx\bin;C:\Program Files\Microsoft DNX\Dnvm\;C:\Program Files (x86)\Microsoft Emulator Manager\1.0\;C:\Program Files\Microsoft\Web Platform Installer\;C:\Program Files (x86)\Microsoft SQL Server\100\Tools\Binn\;C:\Program Files\Microsoft SQL Server\100\Tools\Binn\;C:\Program Files\Microsoft SQL Server\100\DTS\Binn\;C:\Program Files (x86)\Microsoft SQL Server\Client SDK\ODBC\130\Tools\Binn\;C:\Program Files (x86)\Microsoft SQL Server\130\Tools\Binn\;C:\Program Files (x86)\Microsoft SQL Server\130\DTS\Binn\;C:\Program Files (x86)\Microsoft SQL Server\130\Tools\Binn\ManagementStudio\;C:\Program Files (x86)\Skype\Phone\
USERNAME=V_Karimi
OS=Windows_NT
PROCESSOR_IDENTIFIER=Intel64 Family 6 Model 42 Stepping 7, GenuineIntel



---------------  S Y S T E M  ---------------

OS: Windows 8.1 , 64 bit Build 9600 

CPU:total 4 (4 cores per cpu, 1 threads per core) family 6 model 42 stepping 7, cmov, cx8, fxsr, mmx, sse, sse2, sse3, ssse3, sse4.1, sse4.2, popcnt, avx, aes, tsc, tscinvbit

Memory: 4k page, physical 8370828k(2986872k free), swap 16759440k(9559280k free)

vm_info: Java HotSpot(TM) 64-Bit Server VM (24.80-b11) for windows-amd64 JRE (1.7.0_80-b15), built on Apr 10 2015 11:26:34 by "java_re" with unknown MS VC++:1600

time: Sat Jul 02 18:03:05 2016
elapsed time: 4 seconds

